<?xml version="1.0" encoding="UTF-8"?>
<!-- Generated by org.testng.reporters.JUnitXMLReporter -->
<testsuite ignored="4" hostname="MacBook-Pro-de-Caique.local" failures="0" tests="1" name="Airlines API Tests" time="1.536" errors="0" timestamp="2024-08-15T16:05:13 BRT">
  <testcase classname="testrunner.AirlinesTests" name="createAirline" time="1.139"/>
  <testcase classname="testrunner.AirlinesTests" name="createAirlineWithDataFakerAndENUM" time="0.0">
    <ignored/>
  </testcase> <!-- createAirlineWithDataFakerAndENUM -->
  <testcase classname="testrunner.AirlinesTests" name="createAirlineWithDefaultData" time="0.0">
    <ignored/>
  </testcase> <!-- createAirlineWithDefaultData -->
  <testcase classname="testrunner.AirlinesTests" name="createAirlineAndVerifyResponse" time="0.0">
    <ignored/>
  </testcase> <!-- createAirlineAndVerifyResponse -->
  <testcase classname="testrunner.AirlinesTests" name="createAirlineWithDataFaker" time="0.0">
    <ignored/>
  </testcase> <!-- createAirlineWithDataFaker -->
</testsuite> <!-- Airlines API Tests -->
